d:\code\pvz_fight\pvz_fight\x64\debug\vc143.pdb
d:\code\pvz_fight\pvz_fight\x64\debug\vc143.idb
d:\code\pvz_fight\pvz_fight\x64\debug\vector2.obj
d:\code\pvz_fight\pvz_fight\x64\debug\selector_scene.obj
d:\code\pvz_fight\pvz_fight\x64\debug\scene_manager.obj
d:\code\pvz_fight\pvz_fight\x64\debug\menu_scene.obj
d:\code\pvz_fight\pvz_fight\x64\debug\main.obj
d:\code\pvz_fight\pvz_fight\x64\debug\game_scene.obj
d:\code\pvz_fight\pvz_fight\x64\debug\camera.obj
d:\code\pvz_fight\pvz_fight\x64\debug\atlas.obj
d:\code\pvz_fight\pvz_fight\x64\debug\animation.obj
d:\code\pvz_fight\pvz_fight\x64\debug\timer.obj
d:\code\pvz_fight\x64\debug\pvz_fight.exe
d:\code\pvz_fight\x64\debug\pvz_fight.pdb
d:\code\pvz_fight\pvz_fight\x64\debug\pvz_fight.res
d:\code\pvz_fight\pvz_fight\x64\debug\pvz_fight.ilk
d:\code\pvz_fight\pvz_fight\x64\debug\pvz_fight.tlog\cl.command.1.tlog
d:\code\pvz_fight\pvz_fight\x64\debug\pvz_fight.tlog\cl.items.tlog
d:\code\pvz_fight\pvz_fight\x64\debug\pvz_fight.tlog\cl.read.1.tlog
d:\code\pvz_fight\pvz_fight\x64\debug\pvz_fight.tlog\cl.write.1.tlog
d:\code\pvz_fight\pvz_fight\x64\debug\pvz_fight.tlog\link.command.1.tlog
d:\code\pvz_fight\pvz_fight\x64\debug\pvz_fight.tlog\link.read.1.tlog
d:\code\pvz_fight\pvz_fight\x64\debug\pvz_fight.tlog\link.secondary.1.tlog
d:\code\pvz_fight\pvz_fight\x64\debug\pvz_fight.tlog\link.write.1.tlog
d:\code\pvz_fight\pvz_fight\x64\debug\pvz_fight.tlog\rc.command.1.tlog
d:\code\pvz_fight\pvz_fight\x64\debug\pvz_fight.tlog\rc.read.1.tlog
d:\code\pvz_fight\pvz_fight\x64\debug\pvz_fight.tlog\rc.write.1.tlog
